<?xml version="1.0" encoding="UTF-8"?>
<coverage generated="1661252124553" clover="3.2.0">
  <project timestamp="1661252124554" name="All files">
    <metrics statements="58" coveredstatements="51" conditionals="52" coveredconditionals="33" methods="14" coveredmethods="10" elements="124" coveredelements="94" complexity="0" loc="58" ncloc="58" packages="2" files="3" classes="3"/>
    <package name="Shimmer">
      <metrics statements="22" coveredstatements="21" conditionals="23" coveredconditionals="17" methods="5" coveredmethods="3"/>
      <file name="index.ts" path="C:\Code\PowerCAT\forked\msft-powercat-pcf\Shimmer\Shimmer\index.ts">
        <metrics statements="22" coveredstatements="21" conditionals="23" coveredconditionals="17" methods="5" coveredmethods="3"/>
        <line num="2" count="1" type="stmt"/>
        <line num="3" count="1" type="stmt"/>
        <line num="5" count="1" type="stmt"/>
        <line num="9" count="1" type="stmt"/>
        <line num="21" count="1" type="stmt"/>
        <line num="22" count="1" type="stmt"/>
        <line num="23" count="1" type="stmt"/>
        <line num="24" count="1" type="stmt"/>
        <line num="32" count="1" type="stmt"/>
        <line num="33" count="1" type="stmt"/>
        <line num="34" count="1" type="cond" truecount="2" falsecount="0"/>
        <line num="35" count="1" type="cond" truecount="1" falsecount="0"/>
        <line num="36" count="1" type="stmt"/>
        <line num="37" count="1" type="stmt"/>
        <line num="41" count="1" type="stmt"/>
        <line num="42" count="1" type="stmt"/>
        <line num="43" count="1" type="stmt"/>
        <line num="51" count="1" type="stmt"/>
        <line num="58" count="1" type="stmt"/>
        <line num="59" count="0" type="stmt"/>
        <line num="66" count="1" type="stmt"/>
        <line num="69" count="1" type="stmt"/>
      </file>
    </package>
    <package name="Shimmer.components">
      <metrics statements="36" coveredstatements="30" conditionals="29" coveredconditionals="16" methods="9" coveredmethods="7"/>
      <file name="CanvasShimmer.tsx" path="C:\Code\PowerCAT\forked\msft-powercat-pcf\Shimmer\Shimmer\components\CanvasShimmer.tsx">
        <metrics statements="11" coveredstatements="10" conditionals="6" coveredconditionals="4" methods="3" coveredmethods="2"/>
        <line num="1" count="1" type="stmt"/>
        <line num="2" count="1" type="stmt"/>
        <line num="5" count="1" type="stmt"/>
        <line num="6" count="4" type="stmt"/>
        <line num="7" count="1" type="stmt"/>
        <line num="16" count="1" type="stmt"/>
        <line num="17" count="1" type="stmt"/>
        <line num="18" count="1" type="cond" truecount="1" falsecount="1"/>
        <line num="25" count="1" type="stmt"/>
        <line num="28" count="0" type="stmt"/>
        <line num="33" count="1" type="stmt"/>
      </file>
      <file name="DatasetMapping.ts" path="C:\Code\PowerCAT\forked\msft-powercat-pcf\Shimmer\Shimmer\components\DatasetMapping.ts">
        <metrics statements="25" coveredstatements="20" conditionals="23" coveredconditionals="12" methods="6" coveredmethods="5"/>
        <line num="3" count="2" type="stmt"/>
        <line num="4" count="2" type="stmt"/>
        <line num="5" count="2" type="cond" truecount="2" falsecount="1"/>
        <line num="7" count="0" type="stmt"/>
        <line num="9" count="2" type="stmt"/>
        <line num="10" count="2" type="stmt"/>
        <line num="11" count="1" type="stmt"/>
        <line num="13" count="1" type="stmt"/>
        <line num="14" count="1" type="cond" truecount="1" falsecount="1"/>
        <line num="15" count="0" type="stmt"/>
        <line num="16" count="0" type="stmt"/>
        <line num="17" count="1" type="stmt"/>
        <line num="18" count="1" type="stmt"/>
        <line num="30" count="2" type="stmt"/>
        <line num="31" count="2" type="stmt"/>
        <line num="39" count="2" type="stmt"/>
        <line num="40" count="2" type="stmt"/>
        <line num="41" count="2" type="cond" truecount="2" falsecount="1"/>
        <line num="43" count="1" type="stmt"/>
        <line num="44" count="1" type="stmt"/>
        <line num="46" count="1" type="stmt"/>
        <line num="47" count="1" type="stmt"/>
        <line num="49" count="0" type="stmt"/>
        <line num="51" count="2" type="stmt"/>
        <line num="55" count="0" type="stmt"/>
      </file>
    </package>
  </project>
</coverage>
