{"C:\\Code\\PowerCAT\\forked\\msft-powercat-pcf\\Shimmer\\Shimmer\\index.ts": {"path":"C:\\Code\\PowerCAT\\forked\\msft-powercat-pcf\\Shimmer\\Shimmer\\index.ts","statementMap":{"0":{"start":{"line":2,"column":0},"end":{"line":2,"column":59}},"1":{"start":{"line":3,"column":0},"end":{"line":3,"column":31}},"2":{"start":{"line":5,"column":0},"end":{"line":5,"column":86}},"3":{"start":{"line":9,"column":0},"end":{"line":9,"column":13}},"4":{"start":{"line":21,"column":11},"end":{"line":25,"column":null}},"5":{"start":{"line":22,"column":8},"end":{"line":22,"column":55}},"6":{"start":{"line":23,"column":8},"end":{"line":23,"column":31}},"7":{"start":{"line":24,"column":8},"end":{"line":24,"column":53}},"8":{"start":{"line":32,"column":11},"end":{"line":52,"column":null}},"9":{"start":{"line":33,"column":24},"end":{"line":33,"column":48}},"10":{"start":{"line":34,"column":31},"end":{"line":34,"column":115}},"11":{"start":{"line":35,"column":8},"end":{"line":38,"column":null}},"12":{"start":{"line":36,"column":12},"end":{"line":36,"column":54}},"13":{"start":{"line":37,"column":12},"end":{"line":37,"column":66}},"14":{"start":{"line":41,"column":31},"end":{"line":41,"column":89}},"15":{"start":{"line":42,"column":32},"end":{"line":42,"column":91}},"16":{"start":{"line":43,"column":37},"end":{"line":50,"column":10}},"17":{"start":{"line":51,"column":8},"end":{"line":51,"column":57}},"18":{"start":{"line":58,"column":11},"end":{"line":60,"column":null}},"19":{"start":{"line":59,"column":8},"end":{"line":59,"column":18}},"20":{"start":{"line":66,"column":11},"end":{"line":68,"column":null}},"21":{"start":{"line":69,"column":0},"end":{"line":69,"column":null}},"22":{"start":{"line":9,"column":13},"end":{"line":9,"column":20}}},"fnMap":{"0":{"name":"(anonymous_0)","decl":{"start":{"line":9,"column":0},"end":{"line":9,"column":13}},"loc":{"start":{"line":9,"column":0},"end":{"line":69,"column":null}}},"1":{"name":"(anonymous_2)","decl":{"start":{"line":21,"column":4},"end":{"line":21,"column":11}},"loc":{"start":{"line":21,"column":93},"end":{"line":25,"column":5}}},"2":{"name":"(anonymous_3)","decl":{"start":{"line":32,"column":4},"end":{"line":32,"column":11}},"loc":{"start":{"line":32,"column":66},"end":{"line":52,"column":5}}},"3":{"name":"(anonymous_4)","decl":{"start":{"line":58,"column":4},"end":{"line":58,"column":11}},"loc":{"start":{"line":58,"column":4},"end":{"line":60,"column":5}}},"4":{"name":"(anonymous_5)","decl":{"start":{"line":66,"column":4},"end":{"line":66,"column":11}},"loc":{"start":{"line":66,"column":4},"end":{"line":68,"column":5}}}},"branchMap":{"0":{"loc":{"start":{"line":34,"column":31},"end":{"line":34,"column":115}},"type":"binary-expr","locations":[{"start":{"line":34,"column":31},"end":{"line":34,"column":100}},{"start":{"line":34,"column":104},"end":{"line":34,"column":115}}]},"1":{"loc":{"start":{"line":35,"column":8},"end":{"line":38,"column":null}},"type":"if","locations":[{"start":{"line":35,"column":8},"end":{"line":38,"column":null}}]},"2":{"loc":{"start":{"line":47,"column":23},"end":{"line":47,"column":58}},"type":"cond-expr","locations":[{"start":{"line":47,"column":52},"end":{"line":47,"column":56}},{"start":{"line":47,"column":56},"end":{"line":47,"column":58}}]},"3":{"loc":{"start":{"line":47,"column":23},"end":{"line":47,"column":56}},"type":"binary-expr","locations":[{"start":{"line":47,"column":23},"end":{"line":47,"column":56}},{"start":{"line":47,"column":52},"end":{"line":47,"column":56}}]},"4":{"loc":{"start":{"line":47,"column":23},"end":{"line":47,"column":52}},"type":"cond-expr","locations":[{"start":{"line":47,"column":41},"end":{"line":47,"column":43}},{"start":{"line":47,"column":41},"end":{"line":47,"column":52}}]},"5":{"loc":{"start":{"line":47,"column":23},"end":{"line":47,"column":43}},"type":"binary-expr","locations":[{"start":{"line":47,"column":23},"end":{"line":47,"column":43}},{"start":{"line":47,"column":41},"end":{"line":47,"column":43}}]},"6":{"loc":{"start":{"line":48,"column":33},"end":{"line":48,"column":86}},"type":"cond-expr","locations":[{"start":{"line":48,"column":76},"end":{"line":48,"column":80}},{"start":{"line":48,"column":80},"end":{"line":48,"column":86}}]},"7":{"loc":{"start":{"line":48,"column":33},"end":{"line":48,"column":80}},"type":"binary-expr","locations":[{"start":{"line":48,"column":33},"end":{"line":48,"column":80}},{"start":{"line":48,"column":76},"end":{"line":48,"column":80}}]},"8":{"loc":{"start":{"line":48,"column":33},"end":{"line":48,"column":76}},"type":"cond-expr","locations":[{"start":{"line":48,"column":51},"end":{"line":48,"column":53}},{"start":{"line":48,"column":51},"end":{"line":48,"column":76}}]},"9":{"loc":{"start":{"line":48,"column":33},"end":{"line":48,"column":53}},"type":"binary-expr","locations":[{"start":{"line":48,"column":33},"end":{"line":48,"column":53}},{"start":{"line":48,"column":51},"end":{"line":48,"column":53}}]},"10":{"loc":{"start":{"line":49,"column":22},"end":{"line":49,"column":58}},"type":"cond-expr","locations":[{"start":{"line":49,"column":53},"end":{"line":49,"column":57}},{"start":{"line":49,"column":57},"end":{"line":49,"column":58}}]},"11":{"loc":{"start":{"line":49,"column":22},"end":{"line":49,"column":57}},"type":"binary-expr","locations":[{"start":{"line":49,"column":22},"end":{"line":49,"column":57}},{"start":{"line":49,"column":53},"end":{"line":49,"column":57}}]}},"s":{"0":1,"1":1,"2":1,"3":1,"4":1,"5":1,"6":1,"7":1,"8":1,"9":1,"10":1,"11":1,"12":1,"13":1,"14":1,"15":1,"16":1,"17":1,"18":1,"19":0,"20":1,"21":1,"22":1},"f":{"0":2,"1":1,"2":1,"3":0,"4":0},"b":{"0":[1,1],"1":[1],"2":[1,0],"3":[1,1],"4":[0,1],"5":[1,1],"6":[1,0],"7":[1,1],"8":[0,1],"9":[1,1],"10":[0,1],"11":[1,0]}}
,"C:\\Code\\PowerCAT\\forked\\msft-powercat-pcf\\Shimmer\\Shimmer\\components\\CanvasShimmer.tsx": {"path":"C:\\Code\\PowerCAT\\forked\\msft-powercat-pcf\\Shimmer\\Shimmer\\components\\CanvasShimmer.tsx","statementMap":{"0":{"start":{"line":1,"column":0},"end":{"line":1,"column":31}},"1":{"start":{"line":2,"column":0},"end":{"line":2,"column":98}},"2":{"start":{"line":5,"column":13},"end":{"line":32,"column":3}},"3":{"start":{"line":6,"column":74},"end":{"line":6,"column":80}},"4":{"start":{"line":7,"column":25},"end":{"line":14,"column":6}},"5":{"start":{"line":16,"column":18},"end":{"line":23,"column":19}},"6":{"start":{"line":17,"column":8},"end":{"line":22,"column":null}},"7":{"start":{"line":18,"column":12},"end":{"line":18,"column":95}},"8":{"start":{"line":25,"column":4},"end":{"line":31,"column":6}},"9":{"start":{"line":28,"column":16},"end":{"line":28,"column":79}},"10":{"start":{"line":33,"column":0},"end":{"line":33,"column":44}}},"fnMap":{"0":{"name":"(anonymous_1)","decl":{"start":{"line":5,"column":40},"end":{"line":5,"column":41}},"loc":{"start":{"line":5,"column":61},"end":{"line":32,"column":1}}},"1":{"name":"(anonymous_2)","decl":{"start":{"line":16,"column":32},"end":{"line":16,"column":null}},"loc":{"start":{"line":16,"column":32},"end":{"line":23,"column":5}}},"2":{"name":"(anonymous_3)","decl":{"start":{"line":27,"column":38},"end":{"line":27,"column":39}},"loc":{"start":{"line":27,"column":42},"end":{"line":29,"column":13}}}},"branchMap":{"0":{"loc":{"start":{"line":11,"column":24},"end":{"line":11,"column":57}},"type":"cond-expr","locations":[{"start":{"line":11,"column":43},"end":{"line":11,"column":45}},{"start":{"line":11,"column":24},"end":{"line":11,"column":57}}]},"1":{"loc":{"start":{"line":11,"column":24},"end":{"line":11,"column":45}},"type":"binary-expr","locations":[{"start":{"line":11,"column":24},"end":{"line":11,"column":45}},{"start":{"line":11,"column":24},"end":{"line":11,"column":45}}]},"2":{"loc":{"start":{"line":18,"column":19},"end":{"line":18,"column":94}},"type":"cond-expr","locations":[{"start":{"line":18,"column":31},"end":{"line":18,"column":82}},{"start":{"line":18,"column":85},"end":{"line":18,"column":94}}]}},"s":{"0":1,"1":1,"2":1,"3":4,"4":1,"5":1,"6":1,"7":1,"8":1,"9":0,"10":1},"f":{"0":1,"1":1,"2":0},"b":{"0":[0,1],"1":[1,1],"2":[1,0]}}
,"C:\\Code\\PowerCAT\\forked\\msft-powercat-pcf\\Shimmer\\Shimmer\\components\\DatasetMapping.ts": {"path":"C:\\Code\\PowerCAT\\forked\\msft-powercat-pcf\\Shimmer\\Shimmer\\components\\DatasetMapping.ts","statementMap":{"0":{"start":{"line":3,"column":0},"end":{"line":3,"column":70}},"1":{"start":{"line":5,"column":4},"end":{"line":8,"column":null}},"2":{"start":{"line":7,"column":8},"end":{"line":7,"column":57}},"3":{"start":{"line":9,"column":45},"end":{"line":9,"column":47}},"4":{"start":{"line":10,"column":4},"end":{"line":27,"column":7}},"5":{"start":{"line":11,"column":23},"end":{"line":11,"column":42}},"6":{"start":{"line":13,"column":18},"end":{"line":13,"column":60}},"7":{"start":{"line":14,"column":8},"end":{"line":17,"column":33}},"8":{"start":{"line":15,"column":12},"end":{"line":15,"column":28}},"9":{"start":{"line":16,"column":12},"end":{"line":16,"column":39}},"10":{"start":{"line":17,"column":15},"end":{"line":17,"column":33}},"11":{"start":{"line":18,"column":8},"end":{"line":26,"column":32}},"12":{"start":{"line":4,"column":0},"end":{"line":4,"column":16}},"13":{"start":{"line":31,"column":4},"end":{"line":36,"column":29}},"14":{"start":{"line":31,"column":51},"end":{"line":36,"column":28}},"15":{"start":{"line":30,"column":0},"end":{"line":30,"column":16}},"16":{"start":{"line":40,"column":49},"end":{"line":40,"column":72}},"17":{"start":{"line":41,"column":4},"end":{"line":50,"column":null}},"18":{"start":{"line":43,"column":12},"end":{"line":43,"column":59}},"19":{"start":{"line":44,"column":12},"end":{"line":44,"column":18}},"20":{"start":{"line":46,"column":12},"end":{"line":46,"column":56}},"21":{"start":{"line":47,"column":12},"end":{"line":47,"column":18}},"22":{"start":{"line":49,"column":12},"end":{"line":49,"column":31}},"23":{"start":{"line":51,"column":4},"end":{"line":51,"column":30}},"24":{"start":{"line":39,"column":0},"end":{"line":39,"column":16}},"25":{"start":{"line":55,"column":4},"end":{"line":120,"column":41}}},"fnMap":{"0":{"name":"getItemsFromDataset","decl":{"start":{"line":4,"column":16},"end":{"line":4,"column":35}},"loc":{"start":{"line":4,"column":85},"end":{"line":28,"column":1}}},"1":{"name":"(anonymous_3)","decl":{"start":{"line":10,"column":39},"end":{"line":10,"column":40}},"loc":{"start":{"line":10,"column":42},"end":{"line":27,"column":5}}},"2":{"name":"getShimmerElements","decl":{"start":{"line":30,"column":16},"end":{"line":30,"column":34}},"loc":{"start":{"line":30,"column":62},"end":{"line":37,"column":1}}},"3":{"name":"(anonymous_5)","decl":{"start":{"line":31,"column":21},"end":{"line":31,"column":22}},"loc":{"start":{"line":31,"column":46},"end":{"line":31,"column":null}}},"4":{"name":"getShimmerElementType","decl":{"start":{"line":39,"column":16},"end":{"line":39,"column":37}},"loc":{"start":{"line":39,"column":64},"end":{"line":52,"column":1}}},"5":{"name":"getDummyItems","decl":{"start":{"line":54,"column":9},"end":{"line":54,"column":22}},"loc":{"start":{"line":54,"column":36},"end":{"line":121,"column":1}}}},"branchMap":{"0":{"loc":{"start":{"line":5,"column":4},"end":{"line":8,"column":null}},"type":"if","locations":[{"start":{"line":5,"column":4},"end":{"line":8,"column":null}}]},"1":{"loc":{"start":{"line":5,"column":8},"end":{"line":5,"column":70}},"type":"binary-expr","locations":[{"start":{"line":5,"column":8},"end":{"line":5,"column":21}},{"start":{"line":5,"column":25},"end":{"line":5,"column":70}}]},"2":{"loc":{"start":{"line":14,"column":8},"end":{"line":17,"column":33}},"type":"if","locations":[{"start":{"line":14,"column":8},"end":{"line":17,"column":33}},{"start":{"line":17,"column":15},"end":{"line":17,"column":33}}]},"3":{"loc":{"start":{"line":33,"column":12},"end":{"line":33,"column":99}},"type":"binary-expr","locations":[{"start":{"line":33,"column":12},"end":{"line":33,"column":45}},{"start":{"line":33,"column":49},"end":{"line":33,"column":68}},{"start":{"line":33,"column":72},"end":{"line":33,"column":99}}]},"4":{"loc":{"start":{"line":34,"column":12},"end":{"line":34,"column":97}},"type":"binary-expr","locations":[{"start":{"line":34,"column":12},"end":{"line":34,"column":46}},{"start":{"line":34,"column":50},"end":{"line":34,"column":70}},{"start":{"line":34,"column":74},"end":{"line":34,"column":97}}]},"5":{"loc":{"start":{"line":35,"column":12},"end":{"line":35,"column":117}},"type":"binary-expr","locations":[{"start":{"line":35,"column":12},"end":{"line":35,"column":53}},{"start":{"line":35,"column":57},"end":{"line":35,"column":84}},{"start":{"line":35,"column":88},"end":{"line":35,"column":117}}]},"6":{"loc":{"start":{"line":41,"column":4},"end":{"line":50,"column":null}},"type":"switch","locations":[{"start":{"line":42,"column":8},"end":{"line":44,"column":18}},{"start":{"line":45,"column":8},"end":{"line":47,"column":18}},{"start":{"line":48,"column":8},"end":{"line":49,"column":31}}]},"7":{"loc":{"start":{"line":59,"column":19},"end":{"line":59,"column":46}},"type":"cond-expr","locations":[{"start":{"line":59,"column":33},"end":{"line":59,"column":38}},{"start":{"line":59,"column":41},"end":{"line":59,"column":46}}]},"8":{"loc":{"start":{"line":60,"column":20},"end":{"line":60,"column":41}},"type":"cond-expr","locations":[{"start":{"line":60,"column":34},"end":{"line":60,"column":36}},{"start":{"line":60,"column":39},"end":{"line":60,"column":41}}]},"9":{"loc":{"start":{"line":62,"column":18},"end":{"line":62,"column":49}},"type":"cond-expr","locations":[{"start":{"line":62,"column":32},"end":{"line":62,"column":40}},{"start":{"line":62,"column":43},"end":{"line":62,"column":49}}]}},"s":{"0":2,"1":2,"2":0,"3":2,"4":2,"5":1,"6":1,"7":1,"8":0,"9":0,"10":1,"11":1,"12":2,"13":2,"14":1,"15":2,"16":2,"17":2,"18":1,"19":1,"20":1,"21":1,"22":0,"23":2,"24":2,"25":0},"f":{"0":2,"1":1,"2":2,"3":1,"4":2,"5":0},"b":{"0":[0],"1":[2,2],"2":[0,1],"3":[1,1,1],"4":[1,1,1],"5":[1,0,0],"6":[1,1,0],"7":[0,0],"8":[0,0],"9":[0,0]}}
}
