TN:
SF:Shimmer\index.ts
FN:9,(anonymous_0)
FN:21,(anonymous_2)
FN:32,(anonymous_3)
FN:58,(anonymous_4)
FN:66,(anonymous_5)
FNF:5
FNH:3
FNDA:2,(anonymous_0)
FNDA:1,(anonymous_2)
FNDA:1,(anonymous_3)
FNDA:0,(anonymous_4)
FNDA:0,(anonymous_5)
DA:2,1
DA:3,1
DA:5,1
DA:9,1
DA:21,1
DA:22,1
DA:23,1
DA:24,1
DA:32,1
DA:33,1
DA:34,1
DA:35,1
DA:36,1
DA:37,1
DA:41,1
DA:42,1
DA:43,1
DA:51,1
DA:58,1
DA:59,0
DA:66,1
DA:69,1
LF:22
LH:21
BRDA:34,0,0,1
BRDA:34,0,1,1
BRDA:35,1,0,1
BRDA:47,2,0,1
BRDA:47,2,1,0
BRDA:47,3,0,1
BRDA:47,3,1,1
BRDA:47,4,0,0
BRDA:47,4,1,1
BRDA:47,5,0,1
BRDA:47,5,1,1
BRDA:48,6,0,1
BRDA:48,6,1,0
BRDA:48,7,0,1
BRDA:48,7,1,1
BRDA:48,8,0,0
BRDA:48,8,1,1
BRDA:48,9,0,1
BRDA:48,9,1,1
BRDA:49,10,0,0
BRDA:49,10,1,1
BRDA:49,11,0,1
BRDA:49,11,1,0
BRF:23
BRH:17
end_of_record
TN:
SF:Shimmer\components\CanvasShimmer.tsx
FN:5,(anonymous_1)
FN:16,(anonymous_2)
FN:27,(anonymous_3)
FNF:3
FNH:2
FNDA:1,(anonymous_1)
FNDA:1,(anonymous_2)
FNDA:0,(anonymous_3)
DA:1,1
DA:2,1
DA:5,1
DA:6,4
DA:7,1
DA:16,1
DA:17,1
DA:18,1
DA:25,1
DA:28,0
DA:33,1
LF:11
LH:10
BRDA:11,0,0,0
BRDA:11,0,1,1
BRDA:11,1,0,1
BRDA:11,1,1,1
BRDA:18,2,0,1
BRDA:18,2,1,0
BRF:6
BRH:4
end_of_record
TN:
SF:Shimmer\components\DatasetMapping.ts
FN:4,getItemsFromDataset
FN:10,(anonymous_3)
FN:30,getShimmerElements
FN:31,(anonymous_5)
FN:39,getShimmerElementType
FN:54,getDummyItems
FNF:6
FNH:5
FNDA:2,getItemsFromDataset
FNDA:1,(anonymous_3)
FNDA:2,getShimmerElements
FNDA:1,(anonymous_5)
FNDA:2,getShimmerElementType
FNDA:0,getDummyItems
DA:3,2
DA:4,2
DA:5,2
DA:7,0
DA:9,2
DA:10,2
DA:11,1
DA:13,1
DA:14,1
DA:15,0
DA:16,0
DA:17,1
DA:18,1
DA:30,2
DA:31,2
DA:39,2
DA:40,2
DA:41,2
DA:43,1
DA:44,1
DA:46,1
DA:47,1
DA:49,0
DA:51,2
DA:55,0
LF:25
LH:20
BRDA:5,0,0,0
BRDA:5,1,0,2
BRDA:5,1,1,2
BRDA:14,2,0,0
BRDA:14,2,1,1
BRDA:33,3,0,1
BRDA:33,3,1,1
BRDA:33,3,2,1
BRDA:34,4,0,1
BRDA:34,4,1,1
BRDA:34,4,2,1
BRDA:35,5,0,1
BRDA:35,5,1,0
BRDA:35,5,2,0
BRDA:41,6,0,1
BRDA:41,6,1,1
BRDA:41,6,2,0
BRDA:59,7,0,0
BRDA:59,7,1,0
BRDA:60,8,0,0
BRDA:60,8,1,0
BRDA:62,9,0,0
BRDA:62,9,1,0
BRF:23
BRH:12
end_of_record
