<?xml version="1.0" encoding="UTF-8"?>
<coverage generated="1667213098585" clover="3.2.0">
  <project timestamp="1667213098586" name="All files">
    <metrics statements="21" coveredstatements="17" conditionals="22" coveredconditionals="10" methods="9" coveredmethods="5" elements="52" coveredelements="32" complexity="0" loc="21" ncloc="21" packages="2" files="2" classes="2"/>
    <package name="SearchBox">
      <metrics statements="10" coveredstatements="7" conditionals="16" coveredconditionals="9" methods="6" coveredmethods="3"/>
      <file name="index.ts" path="C:\src\creatorkit\powercat-code-components\SearchBox\SearchBox\index.ts">
        <metrics statements="10" coveredstatements="7" conditionals="16" coveredconditionals="9" methods="6" coveredmethods="3"/>
        <line num="1" count="1" type="stmt"/>
        <line num="3" count="1" type="stmt"/>
        <line num="6" count="1" type="stmt"/>
        <line num="21" count="2" type="stmt"/>
        <line num="30" count="2" type="stmt"/>
        <line num="36" count="2" type="stmt"/>
        <line num="44" count="2" type="stmt"/>
        <line num="45" count="0" type="cond" truecount="0" falsecount="4"/>
        <line num="46" count="0" type="stmt"/>
        <line num="54" count="0" type="stmt"/>
      </file>
    </package>
    <package name="SearchBox.components">
      <metrics statements="11" coveredstatements="10" conditionals="6" coveredconditionals="1" methods="3" coveredmethods="2"/>
      <file name="SearchBox.tsx" path="C:\src\creatorkit\powercat-code-components\SearchBox\SearchBox\components\SearchBox.tsx">
        <metrics statements="11" coveredstatements="10" conditionals="6" coveredconditionals="1" methods="3" coveredmethods="2"/>
        <line num="1" count="1" type="stmt"/>
        <line num="2" count="1" type="stmt"/>
        <line num="3" count="1" type="stmt"/>
        <line num="11" count="1" type="stmt"/>
        <line num="16" count="1" type="stmt"/>
        <line num="18" count="1" type="stmt"/>
        <line num="19" count="1" type="stmt"/>
        <line num="20" count="1" type="cond" truecount="1" falsecount="1"/>
        <line num="27" count="1" type="stmt"/>
        <line num="31" count="0" type="cond" truecount="0" falsecount="4"/>
        <line num="39" count="1" type="stmt"/>
      </file>
    </package>
  </project>
</coverage>
