{"C:\\src\\creatorkit\\powercat-code-components\\SearchBox\\SearchBox\\index.ts": {"path":"C:\\src\\creatorkit\\powercat-code-components\\SearchBox\\SearchBox\\index.ts","statementMap":{"0":{"start":{"line":1,"column":0},"end":{"line":1,"column":31}},"1":{"start":{"line":3,"column":0},"end":{"line":3,"column":60}},"2":{"start":{"line":44,"column":12},"end":{"line":47,"column":null}},"3":{"start":{"line":45,"column":8},"end":{"line":45,"column":48}},"4":{"start":{"line":46,"column":8},"end":{"line":46,"column":35}},"5":{"start":{"line":21,"column":8},"end":{"line":21,"column":55}},"6":{"start":{"line":30,"column":48},"end":{"line":34,"column":10}},"7":{"start":{"line":36,"column":8},"end":{"line":37,"column":20}},"8":{"start":{"line":54,"column":8},"end":{"line":56,"column":22}},"9":{"start":{"line":6,"column":0},"end":{"line":6,"column":13}}},"fnMap":{"0":{"name":"(anonymous_6)","decl":{"start":{"line":11,"column":4},"end":{"line":11,"column":20}},"loc":{"start":{"line":11,"column":4},"end":{"line":11,"column":21}}},"1":{"name":"(anonymous_7)","decl":{"start":{"line":44,"column":23},"end":{"line":44,"column":24}},"loc":{"start":{"line":44,"column":62},"end":{"line":47,"column":5}}},"2":{"name":"(anonymous_8)","decl":{"start":{"line":20,"column":11},"end":{"line":20,"column":15}},"loc":{"start":{"line":20,"column":94},"end":{"line":22,"column":5}}},"3":{"name":"(anonymous_9)","decl":{"start":{"line":28,"column":11},"end":{"line":28,"column":21}},"loc":{"start":{"line":28,"column":66},"end":{"line":38,"column":5}}},"4":{"name":"(anonymous_10)","decl":{"start":{"line":53,"column":11},"end":{"line":53,"column":21}},"loc":{"start":{"line":53,"column":21},"end":{"line":57,"column":5}}},"5":{"name":"(anonymous_11)","decl":{"start":{"line":63,"column":11},"end":{"line":63,"column":18}},"loc":{"start":{"line":63,"column":18},"end":{"line":63,"column":29}}}},"branchMap":{"0":{"loc":{"start":{"line":45,"column":31},"end":{"line":45,"column":47}},"type":"cond-expr","locations":[{"start":{"line":45,"column":31},"end":{"line":45,"column":39}},{"start":{"line":45,"column":43},"end":{"line":45,"column":47}}]},"1":{"loc":{"start":{"line":45,"column":31},"end":{"line":45,"column":43}},"type":"binary-expr","locations":[{"start":{"line":45,"column":31},"end":{"line":45,"column":43}},{"start":{"line":45,"column":31},"end":{"line":45,"column":43}}]},"2":{"loc":{"start":{"line":32,"column":23},"end":{"line":32,"column":57}},"type":"cond-expr","locations":[{"start":{"line":32,"column":51},"end":{"line":32,"column":55}},{"start":{"line":32,"column":55},"end":{"line":32,"column":57}}]},"3":{"loc":{"start":{"line":32,"column":23},"end":{"line":32,"column":55}},"type":"binary-expr","locations":[{"start":{"line":32,"column":23},"end":{"line":32,"column":55}},{"start":{"line":32,"column":51},"end":{"line":32,"column":55}}]},"4":{"loc":{"start":{"line":33,"column":23},"end":{"line":33,"column":71}},"type":"cond-expr","locations":[{"start":{"line":33,"column":65},"end":{"line":33,"column":69}},{"start":{"line":33,"column":69},"end":{"line":33,"column":71}}]},"5":{"loc":{"start":{"line":33,"column":23},"end":{"line":33,"column":69}},"type":"binary-expr","locations":[{"start":{"line":33,"column":23},"end":{"line":33,"column":69}},{"start":{"line":33,"column":65},"end":{"line":33,"column":69}}]},"6":{"loc":{"start":{"line":33,"column":23},"end":{"line":33,"column":65}},"type":"cond-expr","locations":[{"start":{"line":33,"column":41},"end":{"line":33,"column":43}},{"start":{"line":33,"column":41},"end":{"line":33,"column":65}}]},"7":{"loc":{"start":{"line":33,"column":23},"end":{"line":33,"column":43}},"type":"binary-expr","locations":[{"start":{"line":33,"column":23},"end":{"line":33,"column":43}},{"start":{"line":33,"column":41},"end":{"line":33,"column":43}}]}},"s":{"0":1,"1":1,"2":2,"3":0,"4":0,"5":2,"6":2,"7":2,"8":0,"9":1},"f":{"0":2,"1":0,"2":2,"3":2,"4":0,"5":0},"b":{"0":[0,0],"1":[0,0],"2":[1,1],"3":[2,1],"4":[0,2],"5":[2,0],"6":[0,2],"7":[2,2]}}
,"C:\\src\\creatorkit\\powercat-code-components\\SearchBox\\SearchBox\\components\\SearchBox.tsx": {"path":"C:\\src\\creatorkit\\powercat-code-components\\SearchBox\\SearchBox\\components\\SearchBox.tsx","statementMap":{"0":{"start":{"line":1,"column":0},"end":{"line":1,"column":31}},"1":{"start":{"line":2,"column":0},"end":{"line":2,"column":29}},"2":{"start":{"line":3,"column":0},"end":{"line":3,"column":null}},"3":{"start":{"line":11,"column":23},"end":{"line":36,"column":1}},"4":{"start":{"line":16,"column":6},"end":{"line":16,"column":11}},"5":{"start":{"line":18,"column":16},"end":{"line":25,"column":17}},"6":{"start":{"line":19,"column":4},"end":{"line":24,"column":null}},"7":{"start":{"line":20,"column":6},"end":{"line":20,"column":89}},"8":{"start":{"line":27,"column":2},"end":{"line":35,"column":4}},"9":{"start":{"line":31,"column":30},"end":{"line":31,"column":63}},"10":{"start":{"line":39,"column":13},"end":{"line":39,"column":54}}},"fnMap":{"0":{"name":"(anonymous_6)","decl":{"start":{"line":11,"column":23},"end":{"line":11,"column":24}},"loc":{"start":{"line":11,"column":59},"end":{"line":36,"column":1}}},"1":{"name":"(anonymous_7)","decl":{"start":{"line":18,"column":30},"end":{"line":18,"column":33}},"loc":{"start":{"line":18,"column":35},"end":{"line":25,"column":3}}},"2":{"name":"(anonymous_8)","decl":{"start":{"line":31,"column":18},"end":{"line":31,"column":26}},"loc":{"start":{"line":31,"column":30},"end":{"line":31,"column":63}}}},"branchMap":{"0":{"loc":{"start":{"line":20,"column":13},"end":{"line":20,"column":88}},"type":"cond-expr","locations":[{"start":{"line":20,"column":25},"end":{"line":20,"column":76}},{"start":{"line":20,"column":79},"end":{"line":20,"column":88}}]},"1":{"loc":{"start":{"line":31,"column":40},"end":{"line":31,"column":62}},"type":"cond-expr","locations":[{"start":{"line":31,"column":48},"end":{"line":31,"column":50}},{"start":{"line":31,"column":40},"end":{"line":31,"column":62}}]},"2":{"loc":{"start":{"line":31,"column":40},"end":{"line":31,"column":50}},"type":"binary-expr","locations":[{"start":{"line":31,"column":40},"end":{"line":31,"column":50}},{"start":{"line":31,"column":40},"end":{"line":31,"column":50}}]}},"s":{"0":1,"1":1,"2":1,"3":1,"4":1,"5":1,"6":1,"7":1,"8":1,"9":0,"10":1},"f":{"0":1,"1":1,"2":0},"b":{"0":[1,0],"1":[0,0],"2":[0,0]}}
}
