TN:
SF:SearchBox\index.ts
FN:11,(anonymous_6)
FN:44,(anonymous_7)
FN:20,(anonymous_8)
FN:28,(anonymous_9)
FN:53,(anonymous_10)
FN:63,(anonymous_11)
FNF:6
FNH:3
FNDA:2,(anonymous_6)
FNDA:0,(anonymous_7)
FNDA:2,(anonymous_8)
FNDA:2,(anonymous_9)
FNDA:0,(anonymous_10)
FNDA:0,(anonymous_11)
DA:1,1
DA:3,1
DA:6,1
DA:21,2
DA:30,2
DA:36,2
DA:44,2
DA:45,0
DA:46,0
DA:54,0
LF:10
LH:7
BRDA:45,0,0,0
BRDA:45,0,1,0
BRDA:45,1,0,0
BRDA:45,1,1,0
BRDA:32,2,0,1
BRDA:32,2,1,1
BRDA:32,3,0,2
BRDA:32,3,1,1
BRDA:33,4,0,0
BRDA:33,4,1,2
BRDA:33,5,0,2
BRDA:33,5,1,0
BRDA:33,6,0,0
BRDA:33,6,1,2
BRDA:33,7,0,2
BRDA:33,7,1,2
BRF:16
BRH:9
end_of_record
TN:
SF:SearchBox\components\SearchBox.tsx
FN:11,(anonymous_6)
FN:18,(anonymous_7)
FN:31,(anonymous_8)
FNF:3
FNH:2
FNDA:1,(anonymous_6)
FNDA:1,(anonymous_7)
FNDA:0,(anonymous_8)
DA:1,1
DA:2,1
DA:3,1
DA:11,1
DA:16,1
DA:18,1
DA:19,1
DA:20,1
DA:27,1
DA:31,0
DA:39,1
LF:11
LH:10
BRDA:20,0,0,1
BRDA:20,0,1,0
BRDA:31,1,0,0
BRDA:31,1,1,0
BRDA:31,2,0,0
BRDA:31,2,1,0
BRF:6
BRH:1
end_of_record
